\BOOKMARK [1][-]{Section.0.Introduction.1}{Introduction}{}% 1
\BOOKMARK [1][-]{Section.1.Information decomposition of designed experiments.1}{Information decomposition of designed experiments}{}% 2
\BOOKMARK [2][-]{Subsection.2.0.The linear mixed-effects model.2}{The linear mixed-effects model}{Section.1.Information decomposition of designed experiments.1}% 3
\BOOKMARK [2][-]{Subsection.2.1.Null ANOVA using projection matrices.2}{Null ANOVA using projection matrices}{Section.1.Information decomposition of designed experiments.1}% 4
\BOOKMARK [2][-]{Subsection.2.2.Computing the treatment SS.2}{Computing the treatment SS}{Section.1.Information decomposition of designed experiments.1}% 5
\BOOKMARK [2][-]{Subsection.2.3.Computing the residual SS.2}{Computing the residual SS}{Section.1.Information decomposition of designed experiments.1}% 6
\BOOKMARK [1][-]{Section.2.Information decomposition for two-phase experiments.1}{Information decomposition for two-phase experiments}{}% 7
\BOOKMARK [2][-]{Subsection.3.0.The linear mixed-effects model.2}{The linear mixed-effects model}{Section.2.Information decomposition for two-phase experiments.1}% 8
\BOOKMARK [2][-]{Subsection.3.1.Null ANOVA of Phase 2 block structure.2}{Null ANOVA of Phase 2 block structure}{Section.2.Information decomposition for two-phase experiments.1}% 9
\BOOKMARK [2][-]{Subsection.3.2.Null ANOVA of Phase 1 block structure.2}{Null ANOVA of Phase 1 block structure}{Section.2.Information decomposition for two-phase experiments.1}% 10
\BOOKMARK [2][-]{Subsection.3.3.Computing the treatment SS.2}{Computing the treatment SS}{Section.2.Information decomposition for two-phase experiments.1}% 11
\BOOKMARK [1][-]{Section.3.Application to quantitative proteomics experiments.1}{Application to quantitative proteomics experiments}{}% 12
\BOOKMARK [2][-]{Subsection.4.0.Phase 1 experiment.2}{Phase 1 experiment}{Section.3.Application to quantitative proteomics experiments.1}% 13
\BOOKMARK [2][-]{Subsection.4.1.Phase 2 experiment.2}{Phase 2 experiment}{Section.3.Application to quantitative proteomics experiments.1}% 14
\BOOKMARK [1][-]{Section.4.InfoDecompuTE.1}{InfoDecompuTE}{}% 15
\BOOKMARK [2][-]{Subsection.5.0.Installation instructions.2}{Installation instructions}{Section.4.InfoDecompuTE.1}% 16
\BOOKMARK [2][-]{Subsection.5.1.Functions.2}{Functions}{Section.4.InfoDecompuTE.1}% 17
\BOOKMARK [2][-]{Subsection.5.2.Design data frame.2}{Design data frame}{Section.4.InfoDecompuTE.1}% 18
\BOOKMARK [2][-]{Subsection.5.3.Block and treatment structures.2}{Block and treatment structures}{Section.4.InfoDecompuTE.1}% 19
\BOOKMARK [2][-]{Subsection.5.4.Crossed or nested.2}{Crossed or nested}{Section.4.InfoDecompuTE.1}% 20
\BOOKMARK [2][-]{Subsection.5.5.Artificial strata.2}{Artificial strata}{Section.4.InfoDecompuTE.1}% 21
\BOOKMARK [2][-]{Subsection.5.6.Manually defined contrasts.2}{Manually defined contrasts}{Section.4.InfoDecompuTE.1}% 22
\BOOKMARK [2][-]{Subsection.5.7.Mean squares computation.2}{Mean squares computation}{Section.4.InfoDecompuTE.1}% 23
\BOOKMARK [2][-]{Subsection.5.8.Latex output.2}{Latex output}{Section.4.InfoDecompuTE.1}% 24
\BOOKMARK [1][-]{Section.5.Example.1}{Example}{}% 25
\BOOKMARK [1][-]{Section.6.Conclusion.1}{Conclusion}{}% 26
