This is pdfTeX, Version 3.1415926-2.4-1.40.13 (MiKTeX 2.9) (preloaded format=pdflatex 2013.2.9)  6 SEP 2013 10:10
entering extended mode
**article.tex
("C:\Users\kcha193\My Dropbox\Optimal design paper\article.tex"
LaTeX2e <2011/06/27>
Babel <v3.8m> and hyphenation patterns for english, afrikaans, ancientgreek, ar
abic, armenian, assamese, basque, bengali, bokmal, bulgarian, catalan, coptic, 
croatian, czech, danish, dutch, esperanto, estonian, farsi, finnish, french, ga
lician, german, german-x-2012-05-30, greek, gujarati, hindi, hungarian, iceland
ic, indonesian, interlingua, irish, italian, kannada, kurmanji, latin, latvian,
 lithuanian, malayalam, marathi, mongolian, mongolianlmc, monogreek, ngerman, n
german-x-2012-05-30, nynorsk, oriya, panjabi, pinyin, polish, portuguese, roman
ian, russian, sanskrit, serbian, slovak, slovenian, spanish, swedish, swissgerm
an, tamil, telugu, turkish, turkmen, ukenglish, ukrainian, uppersorbian, usengl
ishmax, welsh, loaded.
("C:\Users\kcha193\My Dropbox\Optimal design paper\jss.cls"
Document Class: jss 2013/04/06 2.2 jss class by Achim Zeileis

("C:\Users\kcha193\My Dropbox\Latex Tools\Miktex portable\tex\latex\base\articl
e.cls"
Document Class: article 2007/10/19 v1.4h Standard LaTeX document class

("C:\Users\kcha193\My Dropbox\Latex Tools\Miktex portable\tex\latex\base\size11
.clo"
File: size11.clo 2007/10/19 v1.4h Standard LaTeX file (size option)
)
\c@part=\count79
\c@section=\count80
\c@subsection=\count81
\c@subsubsection=\count82
\c@paragraph=\count83
\c@subparagraph=\count84
\c@figure=\count85
\c@table=\count86
\abovecaptionskip=\skip41
\belowcaptionskip=\skip42
\bibindent=\dimen102
)
("C:\Users\kcha193\My Dropbox\Latex Tools\Miktex portable\tex\latex\graphics\gr
aphicx.sty"
Package: graphicx 1999/02/16 v1.0f Enhanced LaTeX Graphics (DPC,SPQR)

("C:\Users\kcha193\My Dropbox\Latex Tools\Miktex portable\tex\latex\graphics\ke
yval.sty"
Package: keyval 1999/03/16 v1.13 key=value parser (DPC)
\KV@toks@=\toks14
)
("C:\Users\kcha193\My Dropbox\Latex Tools\Miktex portable\tex\latex\graphics\gr
aphics.sty"
Package: graphics 2009/02/05 v1.0o Standard LaTeX Graphics (DPC,SPQR)

("C:\Users\kcha193\My Dropbox\Latex Tools\Miktex portable\tex\latex\graphics\tr
ig.sty"
Package: trig 1999/03/16 v1.09 sin cos tan (DPC)
)
("C:\Users\kcha193\My Dropbox\Latex Tools\Miktex portable\tex\latex\00miktex\gr
aphics.cfg"
File: graphics.cfg 2007/01/18 v1.5 graphics configuration of teTeX/TeXLive
)
Package graphics Info: Driver file: pdftex.def on input line 91.

("C:\Users\kcha193\My Dropbox\Latex Tools\Miktex portable\tex\latex\pdftex-def\
pdftex.def"
File: pdftex.def 2011/05/27 v0.06d Graphics/color for pdfTeX

("C:\Users\kcha193\My Dropbox\Latex Tools\Miktex portable\tex\generic\oberdiek\
infwarerr.sty"
Package: infwarerr 2010/04/08 v1.3 Providing info/warning/error messages (HO)
)
("C:\Users\kcha193\My Dropbox\Latex Tools\Miktex portable\tex\generic\oberdiek\
ltxcmds.sty"
Package: ltxcmds 2011/11/09 v1.22 LaTeX kernel commands for general use (HO)
)
\Gread@gobject=\count87
))
\Gin@req@height=\dimen103
\Gin@req@width=\dimen104
)
("C:\Users\kcha193\My Dropbox\Latex Tools\Miktex portable\tex\latex\graphics\co
lor.sty"
Package: color 2005/11/14 v1.0j Standard LaTeX Color (DPC)

("C:\Users\kcha193\My Dropbox\Latex Tools\Miktex portable\tex\latex\00miktex\co
lor.cfg"
File: color.cfg 2007/01/18 v1.5 color configuration of teTeX/TeXLive
)
Package color Info: Driver file: pdftex.def on input line 130.
)
("C:\Users\kcha193\My Dropbox\Latex Tools\Miktex portable\tex\latex\ae\ae.sty"
Package: ae 2001/02/12 1.3 Almost European Computer Modern

("C:\Users\kcha193\My Dropbox\Latex Tools\Miktex portable\tex\latex\base\fonten
c.sty"
Package: fontenc 2005/09/27 v1.99g Standard LaTeX package

("C:\Users\kcha193\My Dropbox\Latex Tools\Miktex portable\tex\latex\base\t1enc.
def"
File: t1enc.def 2005/09/27 v1.99g Standard LaTeX file
LaTeX Font Info:    Redeclaring font encoding T1 on input line 43.
)
LaTeX Font Info:    Try loading font information for T1+aer on input line 100.

("C:\Users\kcha193\My Dropbox\Latex Tools\Miktex portable\tex\latex\ae\t1aer.fd
"
File: t1aer.fd 1997/11/16 Font definitions for T1/aer.
)))
("C:\Users\kcha193\My Dropbox\Latex Tools\Miktex portable\tex\latex\fancyvrb\fa
ncyvrb.sty"
Package: fancyvrb 2008/02/07

Style option: `fancyvrb' v2.7a, with DG/SPQR fixes, and firstline=lastline fix 
<2008/02/07> (tvz)
\FV@CodeLineNo=\count88
\FV@InFile=\read1
\FV@TabBox=\box26
\c@FancyVerbLine=\count89
\FV@StepNumber=\count90
\FV@OutFile=\write3
)
("C:\Users\kcha193\My Dropbox\Latex Tools\Miktex portable\tex\latex\base\fonten
c.sty"
Package: fontenc 2005/09/27 v1.99g Standard LaTeX package

("C:\Users\kcha193\My Dropbox\Latex Tools\Miktex portable\tex\latex\base\t1enc.
def"
File: t1enc.def 2005/09/27 v1.99g Standard LaTeX file
LaTeX Font Info:    Redeclaring font encoding T1 on input line 43.
))
("C:\Users\kcha193\My Dropbox\Latex Tools\Miktex portable\tex\latex\upquote\upq
uote.sty"
Package: upquote 2012/04/19 v1.3 upright-quote and grave-accent glyphs in verba
tim

("C:\Users\kcha193\My Dropbox\Latex Tools\Miktex portable\tex\latex\base\textco
mp.sty"
Package: textcomp 2005/09/27 v1.99g Standard LaTeX package
Package textcomp Info: Sub-encoding information:
(textcomp)               5 = only ISO-Adobe without \textcurrency
(textcomp)               4 = 5 + \texteuro
(textcomp)               3 = 4 + \textohm
(textcomp)               2 = 3 + \textestimated + \textcurrency
(textcomp)               1 = TS1 - \textcircled - \t
(textcomp)               0 = TS1 (full)
(textcomp)             Font families with sub-encoding setting implement
(textcomp)             only a restricted character set as indicated.
(textcomp)             Family '?' is the default used for unknown fonts.
(textcomp)             See the documentation for details.
Package textcomp Info: Setting ? sub-encoding to TS1/1 on input line 71.

("C:\Users\kcha193\My Dropbox\Latex Tools\Miktex portable\tex\latex\base\ts1enc
.def"
File: ts1enc.def 2001/06/05 v3.0e (jk/car/fm) Standard LaTeX file
)
LaTeX Info: Redefining \oldstylenums on input line 266.
Package textcomp Info: Setting cmr sub-encoding to TS1/0 on input line 281.
Package textcomp Info: Setting cmss sub-encoding to TS1/0 on input line 282.
Package textcomp Info: Setting cmtt sub-encoding to TS1/0 on input line 283.
Package textcomp Info: Setting cmvtt sub-encoding to TS1/0 on input line 284.
Package textcomp Info: Setting cmbr sub-encoding to TS1/0 on input line 285.
Package textcomp Info: Setting cmtl sub-encoding to TS1/0 on input line 286.
Package textcomp Info: Setting ccr sub-encoding to TS1/0 on input line 287.
Package textcomp Info: Setting ptm sub-encoding to TS1/4 on input line 288.
Package textcomp Info: Setting pcr sub-encoding to TS1/4 on input line 289.
Package textcomp Info: Setting phv sub-encoding to TS1/4 on input line 290.
Package textcomp Info: Setting ppl sub-encoding to TS1/3 on input line 291.
Package textcomp Info: Setting pag sub-encoding to TS1/4 on input line 292.
Package textcomp Info: Setting pbk sub-encoding to TS1/4 on input line 293.
Package textcomp Info: Setting pnc sub-encoding to TS1/4 on input line 294.
Package textcomp Info: Setting pzc sub-encoding to TS1/4 on input line 295.
Package textcomp Info: Setting bch sub-encoding to TS1/4 on input line 296.
Package textcomp Info: Setting put sub-encoding to TS1/5 on input line 297.
Package textcomp Info: Setting uag sub-encoding to TS1/5 on input line 298.
Package textcomp Info: Setting ugq sub-encoding to TS1/5 on input line 299.
Package textcomp Info: Setting ul8 sub-encoding to TS1/4 on input line 300.
Package textcomp Info: Setting ul9 sub-encoding to TS1/4 on input line 301.
Package textcomp Info: Setting augie sub-encoding to TS1/5 on input line 302.
Package textcomp Info: Setting dayrom sub-encoding to TS1/3 on input line 303.
Package textcomp Info: Setting dayroms sub-encoding to TS1/3 on input line 304.

Package textcomp Info: Setting pxr sub-encoding to TS1/0 on input line 305.
Package textcomp Info: Setting pxss sub-encoding to TS1/0 on input line 306.
Package textcomp Info: Setting pxtt sub-encoding to TS1/0 on input line 307.
Package textcomp Info: Setting txr sub-encoding to TS1/0 on input line 308.
Package textcomp Info: Setting txss sub-encoding to TS1/0 on input line 309.
Package textcomp Info: Setting txtt sub-encoding to TS1/0 on input line 310.
Package textcomp Info: Setting lmr sub-encoding to TS1/0 on input line 311.
Package textcomp Info: Setting lmdh sub-encoding to TS1/0 on input line 312.
Package textcomp Info: Setting lmss sub-encoding to TS1/0 on input line 313.
Package textcomp Info: Setting lmssq sub-encoding to TS1/0 on input line 314.
Package textcomp Info: Setting lmvtt sub-encoding to TS1/0 on input line 315.
Package textcomp Info: Setting qhv sub-encoding to TS1/0 on input line 316.
Package textcomp Info: Setting qag sub-encoding to TS1/0 on input line 317.
Package textcomp Info: Setting qbk sub-encoding to TS1/0 on input line 318.
Package textcomp Info: Setting qcr sub-encoding to TS1/0 on input line 319.
Package textcomp Info: Setting qcs sub-encoding to TS1/0 on input line 320.
Package textcomp Info: Setting qpl sub-encoding to TS1/0 on input line 321.
Package textcomp Info: Setting qtm sub-encoding to TS1/0 on input line 322.
Package textcomp Info: Setting qzc sub-encoding to TS1/0 on input line 323.
Package textcomp Info: Setting qhvc sub-encoding to TS1/0 on input line 324.
Package textcomp Info: Setting futs sub-encoding to TS1/4 on input line 325.
Package textcomp Info: Setting futx sub-encoding to TS1/4 on input line 326.
Package textcomp Info: Setting futj sub-encoding to TS1/4 on input line 327.
Package textcomp Info: Setting hlh sub-encoding to TS1/3 on input line 328.
Package textcomp Info: Setting hls sub-encoding to TS1/3 on input line 329.
Package textcomp Info: Setting hlst sub-encoding to TS1/3 on input line 330.
Package textcomp Info: Setting hlct sub-encoding to TS1/5 on input line 331.
Package textcomp Info: Setting hlx sub-encoding to TS1/5 on input line 332.
Package textcomp Info: Setting hlce sub-encoding to TS1/5 on input line 333.
Package textcomp Info: Setting hlcn sub-encoding to TS1/5 on input line 334.
Package textcomp Info: Setting hlcw sub-encoding to TS1/5 on input line 335.
Package textcomp Info: Setting hlcf sub-encoding to TS1/5 on input line 336.
Package textcomp Info: Setting pplx sub-encoding to TS1/3 on input line 337.
Package textcomp Info: Setting pplj sub-encoding to TS1/3 on input line 338.
Package textcomp Info: Setting ptmx sub-encoding to TS1/4 on input line 339.
Package textcomp Info: Setting ptmj sub-encoding to TS1/4 on input line 340.
))
("C:\Users\kcha193\My Dropbox\Latex Tools\Miktex portable\tex\latex\natbib\natb
ib.sty"
Package: natbib 2010/09/13 8.31b (PWD, AO)
\bibhang=\skip43
\bibsep=\skip44
LaTeX Info: Redefining \cite on input line 694.
\c@NAT@ctr=\count91
)
\footerskip=\skip45

("C:\Users\kcha193\My Dropbox\Latex Tools\Miktex portable\tex\latex\hyperref\hy
perref.sty"
Package: hyperref 2012/11/06 v6.83m Hypertext links for LaTeX

("C:\Users\kcha193\My Dropbox\Latex Tools\Miktex portable\tex\generic\oberdiek\
hobsub-hyperref.sty"
Package: hobsub-hyperref 2012/04/25 v1.12 Bundle oberdiek, subset hyperref (HO)


("C:\Users\kcha193\My Dropbox\Latex Tools\Miktex portable\tex\generic\oberdiek\
hobsub-generic.sty"
Package: hobsub-generic 2012/04/25 v1.12 Bundle oberdiek, subset generic (HO)
Package: hobsub 2012/04/25 v1.12 Construct package bundles (HO)
Package hobsub Info: Skipping package `infwarerr' (already loaded).
Package hobsub Info: Skipping package `ltxcmds' (already loaded).
Package: ifluatex 2010/03/01 v1.3 Provides the ifluatex switch (HO)
Package ifluatex Info: LuaTeX not detected.
Package: ifvtex 2010/03/01 v1.5 Detect VTeX and its facilities (HO)
Package ifvtex Info: VTeX not detected.
Package: intcalc 2007/09/27 v1.1 Expandable calculations with integers (HO)
Package: ifpdf 2011/01/30 v2.3 Provides the ifpdf switch (HO)
Package ifpdf Info: pdfTeX in PDF mode is detected.
Package: etexcmds 2011/02/16 v1.5 Avoid name clashes with e-TeX commands (HO)
Package etexcmds Info: Could not find \expanded.
(etexcmds)             That can mean that you are not using pdfTeX 1.50 or
(etexcmds)             that some package has redefined \expanded.
(etexcmds)             In the latter case, load this package earlier.
Package: kvsetkeys 2012/04/25 v1.16 Key value parser (HO)
Package: kvdefinekeys 2011/04/07 v1.3 Define keys (HO)
Package: pdftexcmds 2011/11/29 v0.20 Utility functions of pdfTeX for LuaTeX (HO
)
Package pdftexcmds Info: LuaTeX not detected.
Package pdftexcmds Info: \pdf@primitive is available.
Package pdftexcmds Info: \pdf@ifprimitive is available.
Package pdftexcmds Info: \pdfdraftmode found.
Package: pdfescape 2011/11/25 v1.13 Implements pdfTeX's escape features (HO)
Package: bigintcalc 2012/04/08 v1.3 Expandable calculations on big integers (HO
)
Package: bitset 2011/01/30 v1.1 Handle bit-vector datatype (HO)
Package: uniquecounter 2011/01/30 v1.2 Provide unlimited unique counter (HO)
)
Package hobsub Info: Skipping package `hobsub' (already loaded).
Package: letltxmacro 2010/09/02 v1.4 Let assignment for LaTeX macros (HO)
Package: hopatch 2011/06/24 v1.1 Wrapper for package hooks (HO)
Package: xcolor-patch 2011/01/30 xcolor patch
Package: atveryend 2011/06/30 v1.8 Hooks at the very end of document (HO)
Package atveryend Info: \enddocument detected (standard20110627).
Package: atbegshi 2011/10/05 v1.16 At begin shipout hook (HO)
Package: refcount 2011/10/16 v3.4 Data extraction from label references (HO)
Package: hycolor 2011/01/30 v1.7 Color options for hyperref/bookmark (HO)
)
("C:\Users\kcha193\My Dropbox\Latex Tools\Miktex portable\tex\generic\ifxetex\i
fxetex.sty"
Package: ifxetex 2010/09/12 v0.6 Provides ifxetex conditional
)
("C:\Users\kcha193\My Dropbox\Latex Tools\Miktex portable\tex\latex\oberdiek\au
xhook.sty"
Package: auxhook 2011/03/04 v1.3 Hooks for auxiliary files (HO)
)
("C:\Users\kcha193\My Dropbox\Latex Tools\Miktex portable\tex\latex\oberdiek\kv
options.sty"
Package: kvoptions 2011/06/30 v3.11 Key value format for package options (HO)
)
\@linkdim=\dimen105
\Hy@linkcounter=\count92
\Hy@pagecounter=\count93

("C:\Users\kcha193\My Dropbox\Latex Tools\Miktex portable\tex\latex\hyperref\pd
1enc.def"
File: pd1enc.def 2012/11/06 v6.83m Hyperref: PDFDocEncoding definition (HO)
)
\Hy@SavedSpaceFactor=\count94

("C:\Users\kcha193\My Dropbox\Latex Tools\Miktex portable\tex\latex\00miktex\hy
perref.cfg"
File: hyperref.cfg 2002/06/06 v1.2 hyperref configuration of TeXLive
)
Package hyperref Info: Hyper figures OFF on input line 4443.
Package hyperref Info: Link nesting OFF on input line 4448.
Package hyperref Info: Hyper index ON on input line 4451.
Package hyperref Info: Plain pages OFF on input line 4458.
Package hyperref Info: Backreferencing OFF on input line 4463.
Package hyperref Info: Implicit mode ON; LaTeX internals redefined.
Package hyperref Info: Bookmarks ON on input line 4688.
\c@Hy@tempcnt=\count95

("C:\Users\kcha193\My Dropbox\Latex Tools\Miktex portable\tex\latex\ltxmisc\url
.sty"
\Urlmuskip=\muskip10
Package: url 2006/04/12  ver 3.3  Verb mode for urls, etc.
)
LaTeX Info: Redefining \url on input line 5041.
\XeTeXLinkMargin=\dimen106
\Fld@menulength=\count96
\Field@Width=\dimen107
\Fld@charsize=\dimen108
Package hyperref Info: Hyper figures OFF on input line 6295.
Package hyperref Info: Link nesting OFF on input line 6300.
Package hyperref Info: Hyper index ON on input line 6303.
Package hyperref Info: backreferencing OFF on input line 6310.
Package hyperref Info: Link coloring OFF on input line 6315.
Package hyperref Info: Link coloring with OCG OFF on input line 6320.
Package hyperref Info: PDF/A mode OFF on input line 6325.
LaTeX Info: Redefining \ref on input line 6365.
LaTeX Info: Redefining \pageref on input line 6369.
\Hy@abspage=\count97
\c@Item=\count98
\c@Hfootnote=\count99
)

Package hyperref Message: Driver (autodetected): hpdftex.


("C:\Users\kcha193\My Dropbox\Latex Tools\Miktex portable\tex\latex\hyperref\hp
dftex.def"
File: hpdftex.def 2012/11/06 v6.83m Hyperref driver for pdfTeX
\Fld@listcount=\count100
\c@bookmark@seq@number=\count101

("C:\Users\kcha193\My Dropbox\Latex Tools\Miktex portable\tex\latex\oberdiek\re
runfilecheck.sty"
Package: rerunfilecheck 2011/04/15 v1.7 Rerun checks for auxiliary files (HO)
Package uniquecounter Info: New unique counter `rerunfilecheck' on input line 2
82.
)
\Hy@SectionHShift=\skip46
)
\preXLskip=\skip47
\preLskip=\skip48
\preMskip=\skip49
\preSskip=\skip50
\postMskip=\skip51
\postSskip=\skip52


Package hyperref Warning: Option `hyperindex' has already been used,
(hyperref)                setting the option has no effect on input line 444.

Package hyperref Info: Option `colorlinks' set `true' on input line 444.
Package hyperref Info: Option `linktocpage' set `true' on input line 444.
Package hyperref Info: Option `plainpages' set `false' on input line 444.
)
("C:\Users\kcha193\My Dropbox\Latex Tools\Miktex portable\tex\latex\tools\bm.st
y"
Package: bm 2004/02/26 v1.1c Bold Symbol Support (DPC/FMi)
\symboldoperators=\mathgroup4
\symboldletters=\mathgroup5
\symboldsymbols=\mathgroup6
LaTeX Font Info:    Redeclaring math alphabet \mathbf on input line 138.
LaTeX Info: Redefining \bm on input line 204.
)
("C:\Users\kcha193\My Dropbox\Latex Tools\Miktex portable\tex\latex\amsfonts\am
ssymb.sty"
Package: amssymb 2009/06/22 v3.00

("C:\Users\kcha193\My Dropbox\Latex Tools\Miktex portable\tex\latex\amsfonts\am
sfonts.sty"
Package: amsfonts 2009/06/22 v3.00 Basic AMSFonts support
\@emptytoks=\toks15
\symAMSa=\mathgroup7
\symAMSb=\mathgroup8
LaTeX Font Info:    Overwriting math alphabet `\mathfrak' in version `bold'
(Font)                  U/euf/m/n --> U/euf/b/n on input line 96.
))
("C:\Users\kcha193\My Dropbox\Latex Tools\Miktex portable\tex\latex\ams\math\am
smath.sty"
Package: amsmath 2000/07/18 v2.13 AMS math features
\@mathmargin=\skip53

For additional information on amsmath, use the `?' option.

("C:\Users\kcha193\My Dropbox\Latex Tools\Miktex portable\tex\latex\ams\math\am
stext.sty"
Package: amstext 2000/06/29 v2.01

("C:\Users\kcha193\My Dropbox\Latex Tools\Miktex portable\tex\latex\ams\math\am
sgen.sty"
File: amsgen.sty 1999/11/30 v2.0
\@emptytoks=\toks16
\ex@=\dimen109
))
("C:\Users\kcha193\My Dropbox\Latex Tools\Miktex portable\tex\latex\ams\math\am
sbsy.sty"
Package: amsbsy 1999/11/29 v1.2d
LaTeX Info: Redefining \boldsymbol on input line 54.
\pmbraise@=\dimen110
)
("C:\Users\kcha193\My Dropbox\Latex Tools\Miktex portable\tex\latex\ams\math\am
sopn.sty"
Package: amsopn 1999/12/14 v2.01 operator names
)
\inf@bad=\count102
LaTeX Info: Redefining \frac on input line 211.
\uproot@=\count103
\leftroot@=\count104
LaTeX Info: Redefining \overline on input line 307.
\classnum@=\count105
\DOTSCASE@=\count106
LaTeX Info: Redefining \ldots on input line 379.
LaTeX Info: Redefining \dots on input line 382.
LaTeX Info: Redefining \cdots on input line 467.
\Mathstrutbox@=\box27
\strutbox@=\box28
\big@size=\dimen111
LaTeX Font Info:    Redeclaring font encoding OML on input line 567.
LaTeX Font Info:    Redeclaring font encoding OMS on input line 568.
\macc@depth=\count107
\c@MaxMatrixCols=\count108
\dotsspace@=\muskip11
\c@parentequation=\count109
\dspbrk@lvl=\count110
\tag@help=\toks17
\row@=\count111
\column@=\count112
\maxfields@=\count113
\andhelp@=\toks18
\eqnshift@=\dimen112
\alignsep@=\dimen113
\tagshift@=\dimen114
\tagwidth@=\dimen115
\totwidth@=\dimen116
\lineht@=\dimen117
\@envbody=\toks19
\multlinegap=\skip54
\multlinetaggap=\skip55
\mathdisplay@stack=\toks20
LaTeX Info: Redefining \[ on input line 2666.
LaTeX Info: Redefining \] on input line 2667.
)
("C:\Users\kcha193\My Dropbox\Latex Tools\Miktex portable\tex\latex\ams\classes
\amsthm.sty"
Package: amsthm 2004/08/06 v2.20
\thm@style=\toks21
\thm@bodyfont=\toks22
\thm@headfont=\toks23
\thm@notefont=\toks24
\thm@headpunct=\toks25
\thm@preskip=\skip56
\thm@postskip=\skip57
\thm@headsep=\skip58
\dth@everypar=\toks26
)
("C:\Users\kcha193\My Dropbox\Latex Tools\Miktex portable\tex\latex\multirow\mu
ltirow.sty"
\bigstrutjot=\dimen118
)
("C:\Users\kcha193\My Dropbox\Latex Tools\Miktex portable\tex\latex\booktabs\bo
oktabs.sty"
Package: booktabs 2005/04/14 v1.61803 publication quality tables
\heavyrulewidth=\dimen119
\lightrulewidth=\dimen120
\cmidrulewidth=\dimen121
\belowrulesep=\dimen122
\belowbottomsep=\dimen123
\aboverulesep=\dimen124
\abovetopsep=\dimen125
\cmidrulesep=\dimen126
\cmidrulekern=\dimen127
\defaultaddspace=\dimen128
\@cmidla=\count114
\@cmidlb=\count115
\@aboverulesep=\dimen129
\@belowrulesep=\dimen130
\@thisruleclass=\count116
\@lastruleclass=\count117
\@thisrulewidth=\dimen131
)
("C:\Users\kcha193\My Dropbox\Latex Tools\Miktex portable\tex\latex\graphics\ls
cape.sty"
Package: lscape 2000/10/22 v3.01 Landscape Pages (DPC)
)
("C:\Users\kcha193\My Dropbox\Latex Tools\Miktex portable\tex\latex\algorithms\
algorithm.sty"
Package: algorithm 2009/08/24 v0.1 Document Style `algorithm' - floating enviro
nment

("C:\Users\kcha193\My Dropbox\Latex Tools\Miktex portable\tex\latex\float\float
.sty"
Package: float 2001/11/08 v1.3d Float enhancements (AL)
\c@float@type=\count118
\float@exts=\toks27
\float@box=\box29
\@float@everytoks=\toks28
\@floatcapt=\box30
)
("C:\Users\kcha193\My Dropbox\Latex Tools\Miktex portable\tex\latex\base\ifthen
.sty"
Package: ifthen 2001/05/26 v1.1c Standard LaTeX ifthen package (DPC)
)
\@float@every@algorithm=\toks29
\c@algorithm=\count119
)
("C:\Users\kcha193\My Dropbox\Latex Tools\Miktex portable\tex\latex\algorithms\
algorithmic.sty"
Package: algorithmic 2009/08/24 v0.1 Document Style `algorithmic'
\c@ALC@unique=\count120
\c@ALC@line=\count121
\c@ALC@rem=\count122
\c@ALC@depth=\count123
\ALC@tlm=\skip59
\algorithmicindent=\skip60
) ("C:\Users\kcha193\My Dropbox\Optimal design paper\article.aux"

LaTeX Warning: Label `eq:phase1model' multiply defined.


LaTeX Warning: Label `eq:model' multiply defined.


LaTeX Warning: Label `tab:iniCagAniDesEX2' multiply defined.

)
LaTeX Font Info:    Checking defaults for OML/cmm/m/it on input line 70.
LaTeX Font Info:    ... okay on input line 70.
LaTeX Font Info:    Checking defaults for T1/cmr/m/n on input line 70.
LaTeX Font Info:    ... okay on input line 70.
LaTeX Font Info:    Checking defaults for OT1/cmr/m/n on input line 70.
LaTeX Font Info:    ... okay on input line 70.
LaTeX Font Info:    Checking defaults for OMS/cmsy/m/n on input line 70.
LaTeX Font Info:    ... okay on input line 70.
LaTeX Font Info:    Checking defaults for OMX/cmex/m/n on input line 70.
LaTeX Font Info:    ... okay on input line 70.
LaTeX Font Info:    Checking defaults for U/cmr/m/n on input line 70.
LaTeX Font Info:    ... okay on input line 70.
LaTeX Font Info:    Checking defaults for TS1/cmr/m/n on input line 70.
LaTeX Font Info:    Try loading font information for TS1+cmr on input line 70.

("C:\Users\kcha193\My Dropbox\Latex Tools\Miktex portable\tex\latex\base\ts1cmr
.fd"
File: ts1cmr.fd 1999/05/25 v2.5h Standard LaTeX font definitions
)
LaTeX Font Info:    ... okay on input line 70.
LaTeX Font Info:    Checking defaults for PD1/pdf/m/n on input line 70.
LaTeX Font Info:    ... okay on input line 70.

("C:\Users\kcha193\My Dropbox\Latex Tools\Miktex portable\tex\context\base\supp
-pdf.mkii"
[Loading MPS to PDF converter (version 2006.09.02).]
\scratchcounter=\count124
\scratchdimen=\dimen132
\scratchbox=\box31
\nofMPsegments=\count125
\nofMParguments=\count126
\everyMPshowfont=\toks30
\MPscratchCnt=\count127
\MPscratchDim=\dimen133
\MPnumerator=\count128
\makeMPintoPDFobject=\count129
\everyMPtoPDFconversion=\toks31
)
\AtBeginShipoutBox=\box32
Package hyperref Info: Link coloring ON on input line 70.

("C:\Users\kcha193\My Dropbox\Latex Tools\Miktex portable\tex\latex\hyperref\na
meref.sty"
Package: nameref 2012/10/27 v2.43 Cross-referencing by name of section

("C:\Users\kcha193\My Dropbox\Latex Tools\Miktex portable\tex\generic\oberdiek\
gettitlestring.sty"
Package: gettitlestring 2010/12/03 v1.4 Cleanup title references (HO)
)
\c@section@level=\count130
)
LaTeX Info: Redefining \ref on input line 70.
LaTeX Info: Redefining \pageref on input line 70.
LaTeX Info: Redefining \nameref on input line 70.

("C:\Users\kcha193\My Dropbox\Optimal design paper\article.out")
("C:\Users\kcha193\My Dropbox\Optimal design paper\article.out")
\@outlinefile=\write4

<jsslogo.jpg, id=43, 540.0175pt x 393.47pt>
File: jsslogo.jpg Graphic file (type jpg)
 <use jsslogo.jpg>
Package pdftex.def Info: jsslogo.jpg used on input line 70.
(pdftex.def)             Requested size: 89.80768pt x 65.43607pt.
LaTeX Font Info:    Try loading font information for T1+pzc on input line 70.

("C:\Users\kcha193\My Dropbox\Latex Tools\Miktex portable\tex\latex\psnfss\t1pz
c.fd"
File: t1pzc.fd 2001/06/04 font definitions for T1/pzc.
)
LaTeX Font Info:    Font shape `T1/pzc/m/n' in size <28> not available
(Font)              Font shape `T1/pzc/mb/it' tried instead on input line 70.
LaTeX Font Info:    Try loading font information for T1+aess on input line 70.

("C:\Users\kcha193\My Dropbox\Latex Tools\Miktex portable\tex\latex\ae\t1aess.f
d"
File: t1aess.fd 1997/11/16 Font definitions for T1/aess.
)
LaTeX Font Info:    Try loading font information for U+msa on input line 70.

("C:\Users\kcha193\My Dropbox\Latex Tools\Miktex portable\tex\latex\amsfonts\um
sa.fd"
File: umsa.fd 2009/06/22 v3.00 AMS symbols A
)
LaTeX Font Info:    Try loading font information for U+msb on input line 70.

("C:\Users\kcha193\My Dropbox\Latex Tools\Miktex portable\tex\latex\amsfonts\um
sb.fd"
File: umsb.fd 2009/06/22 v3.00 AMS symbols B
)
LaTeX Font Info:    Try loading font information for TS1+aer on input line 72.
LaTeX Font Info:    No file TS1aer.fd. on input line 72.


LaTeX Font Warning: Font shape `TS1/aer/m/n' undefined
(Font)              using `TS1/cmr/m/n' instead
(Font)              for symbol `texttrademark' on input line 72.


Underfull \vbox (badness 3240) has occurred while \output is active []

 [1

{C:/Users/kcha193/My Dropbox/Latex Tools/Miktex portable/pdftex/config/pdftex.m
ap} <C:/Users/kcha193/My Dropbox/Optimal design paper/jsslogo.jpg>]

Package natbib Warning: Citation `John1987' on page 2 undefined on input line 8
0.


LaTeX Warning: Reference `sec:MSandAoptimal' on page 2 undefined on input line 
80.


Package natbib Warning: Citation `whitaker1990' on page 2 undefined on input li
ne 82.


Package natbib Warning: Citation `Williams1996' on page 2 undefined on input li
ne 82.


Package natbib Warning: Citation `John2002' on page 2 undefined on input line 8
2.


Package natbib Warning: Citation `Kirkpatrick1983' on page 2 undefined on input
 line 84.


LaTeX Warning: Reference `sec:objFun' on page 2 undefined on input line 84.


LaTeX Warning: Reference `sec:sa' on page 2 undefined on input line 84.

LaTeX Font Info:    Font shape `T1/aer/b/sl' in size <10.95> not available
(Font)              Font shape `T1/aer/bx/sl' tried instead on input line 95.

Overfull \hbox (5.47499pt too wide) has occurred while \output is active
\T1/aer/m/n/10.95 2 []
 []

[2]
Overfull \hbox (5.47499pt too wide) has occurred while \output is active
[] \T1/aer/m/n/10.95 3
 []

[3]
Missing character: There is no â in font cmr10!
Missing character: There is no € in font cmr10!
Missing character: There is no “ in font cmr10!
Package hyperref Info: bookmark level for unknown algorithm defaults to 0 on in
put line 146.

Overfull \hbox (5.47499pt too wide) has occurred while \output is active
\T1/aer/m/n/10.95 4 []
 []

[4]
Overfull \hbox (5.47499pt too wide) has occurred while \output is active
[] \T1/aer/m/n/10.95 5
 []

[5]
Underfull \vbox (badness 10000) has occurred while \output is active []


Overfull \hbox (5.47499pt too wide) has occurred while \output is active
\T1/aer/m/n/10.95 6 []
 []

[6]
LaTeX Font Info:    Try loading font information for T1+aett on input line 282.


("C:\Users\kcha193\My Dropbox\Latex Tools\Miktex portable\tex\latex\ae\t1aett.f
d"
File: t1aett.fd 1997/11/16 Font definitions for T1/aett.
)

LaTeX Warning: Reference `sec:sa' on page 7 undefined on input line 288.


Overfull \hbox (5.47499pt too wide) has occurred while \output is active
[] \T1/aer/m/n/10.95 7
 []

[7pdfTeX warning (ext4): destination with the same identifier (name{table.1}) h
as been already used, duplicate ignored

\AtBegShi@Output ...ipout \box \AtBeginShipoutBox 
                                                  \fi \fi 
l.297 
      pdfTeX warning (ext4): destination with the same identifier (name{table.2
}) has been already used, duplicate ignored

\AtBegShi@Output ...ipout \box \AtBeginShipoutBox 
                                                  \fi \fi 
l.297 
      ]
No file article.bbl.

Package natbib Warning: There were undefined citations.

LaTeX Font Info:    Font shape `T1/pzc/m/n' in size <13> not available
(Font)              Font shape `T1/pzc/mb/it' tried instead on input line 307.
Package atveryend Info: Empty hook `BeforeClearDocument' on input line 307.

Overfull \hbox (5.47499pt too wide) has occurred while \output is active
\T1/aer/m/n/10.95 8 []
 []

[8pdfTeX warning (ext4): destination with the same identifier (name{table.3}) h
as been already used, duplicate ignored

\AtBegShi@Output ...ipout \box \AtBeginShipoutBox 
                                                  \fi \fi 
l.307 \end{document}
                    ]
Package atveryend Info: Empty hook `AfterLastShipout' on input line 307.

("C:\Users\kcha193\My Dropbox\Optimal design paper\article.aux")
Package atveryend Info: Executing hook `AtVeryEndDocument' on input line 307.
Package atveryend Info: Executing hook `AtEndAfterFileList' on input line 307.
Package rerunfilecheck Info: File `article.out' has not changed.
(rerunfilecheck)             Checksum: EB614636E9A05F665EF02DB8CA0ADB9B;1035.


LaTeX Font Warning: Some font shapes were not available, defaults substituted.


LaTeX Warning: There were undefined references.


LaTeX Warning: There were multiply-defined labels.

Package atveryend Info: Empty hook `AtVeryVeryEnd' on input line 307.
 ) 
Here is how much of TeX's memory you used:
 8122 strings out of 493921
 118400 string characters out of 3138033
 203594 words of memory out of 3000000
 11146 multiletter control sequences out of 15000+200000
 57148 words of font info for 108 fonts, out of 3000000 for 9000
 841 hyphenation exceptions out of 8191
 36i,9n,34p,1084b,486s stack positions out of 5000i,500n,10000p,200000b,50000s
 <C:\Users\kcha193\My Dropbox\Latex Tools\Miktex portable\fonts\pk\ljfour\jkn
appen\ec\dpi600\tcrm0800.pk>{C:/Users/kcha193/My Dropbox/Latex Tools/Miktex por
table/fonts/enc/dvips/fontname/8r.enc}<C:/Users/kcha193/My Dropbox/Latex Tools/
Miktex portable/fonts/type1/public/amsfonts/cm/cmb10.pfb><C:/Users/kcha193/My D
ropbox/Latex Tools/Miktex portable/fonts/type1/public/amsfonts/cm/cmbx10.pfb><C
:/Users/kcha193/My Dropbox/Latex Tools/Miktex portable/fonts/type1/public/amsfo
nts/cm/cmbx12.pfb><C:/Users/kcha193/My Dropbox/Latex Tools/Miktex portable/font
s/type1/public/amsfonts/cm/cmbxsl10.pfb><C:/Users/kcha193/My Dropbox/Latex Tool
s/Miktex portable/fonts/type1/public/amsfonts/cm/cmex10.pfb><C:/Users/kcha193/M
y Dropbox/Latex Tools/Miktex portable/fonts/type1/public/amsfonts/cm/cmmi10.pfb
><C:/Users/kcha193/My Dropbox/Latex Tools/Miktex portable/fonts/type1/public/am
sfonts/cm/cmmi8.pfb><C:/Users/kcha193/My Dropbox/Latex Tools/Miktex portable/fo
nts/type1/public/amsfonts/cm/cmr10.pfb><C:/Users/kcha193/My Dropbox/Latex Tools
/Miktex portable/fonts/type1/public/amsfonts/cm/cmr8.pfb><C:/Users/kcha193/My D
ropbox/Latex Tools/Miktex portable/fonts/type1/public/amsfonts/cm/cmr9.pfb><C:/
Users/kcha193/My Dropbox/Latex Tools/Miktex portable/fonts/type1/public/amsfont
s/cm/cmsl10.pfb><C:/Users/kcha193/My Dropbox/Latex Tools/Miktex portable/fonts/
type1/public/amsfonts/cm/cmsltt10.pfb><C:/Users/kcha193/My Dropbox/Latex Tools/
Miktex portable/fonts/type1/public/amsfonts/cm/cmss10.pfb><C:/Users/kcha193/My 
Dropbox/Latex Tools/Miktex portable/fonts/type1/public/amsfonts/cm/cmssbx10.pfb
><C:/Users/kcha193/My Dropbox/Latex Tools/Miktex portable/fonts/type1/public/am
sfonts/cm/cmsy10.pfb><C:/Users/kcha193/My Dropbox/Latex Tools/Miktex portable/f
onts/type1/public/amsfonts/cm/cmti10.pfb><C:/Users/kcha193/My Dropbox/Latex Too
ls/Miktex portable/fonts/type1/public/amsfonts/cm/cmtt10.pfb><C:/Users/kcha193/
My Dropbox/Latex Tools/Miktex portable/fonts/type1/urw/zapfchan/uzcmi8a.pfb>
Output written on article.pdf (8 pages, 282201 bytes).
PDF statistics:
 244 PDF objects out of 1000 (max. 8388607)
 73 named destinations out of 1000 (max. 500000)
 86 words of extra memory for PDF output out of 10000 (max. 10000000)

